<?xml version="1.0" encoding="UTF-8"?>
<!-- Generated by org.testng.reporters.JUnitXMLReporter -->
<testsuite ignored="48" hostname="IN-PG02NMCZ" failures="5" tests="13" name="Surefire test" time="112.516" errors="0" timestamp="09 Jan 2023 10:00:30 GMT">
  <testcase classname="testCases.aboutUsTest" name="aboutUs" time="1.237">
    <failure type="org.openqa.selenium.ElementClickInterceptedException" message="element click intercepted: Element &amp;lt;a class=&amp;quot;_21ljIi&amp;quot; href=&amp;quot;/plus&amp;quot;&amp;gt;...&amp;lt;/a&amp;gt; is not clickable at point (223, 37). Other element would receive the click: &amp;lt;div class=&amp;quot;_2hriZF _2rbIyg&amp;quot; tabindex=&amp;quot;-1&amp;quot;&amp;gt;...&amp;lt;/div&amp;gt;
  (Session info: chrome=108.0.5359.125)
Build info: version: &amp;apos;3.141.59&amp;apos;, revision: &amp;apos;e82be7d358&amp;apos;, time: &amp;apos;2018-11-14T08:17:03&amp;apos;
System info: host: &amp;apos;IN-PG02NMCZ&amp;apos;, ip: &amp;apos;192.168.1.5&amp;apos;, os.name: &amp;apos;Windows 10&amp;apos;, os.arch: &amp;apos;amd64&amp;apos;, os.version: &amp;apos;10.0&amp;apos;, java.version: &amp;apos;11.0.5&amp;apos;
Driver info: org.openqa.selenium.chrome.ChromeDriver
Capabilities {acceptInsecureCerts: false, browserName: chrome, browserVersion: 108.0.5359.125, chrome: {chromedriverVersion: 108.0.5359.71 (1e0e3868ee06..., userDataDir: C:\Users\ASHUTO~1\AppData\L...}, goog:chromeOptions: {debuggerAddress: localhost:61313}, javascriptEnabled: true, networkConnectionEnabled: false, pageLoadStrategy: normal, platform: WINDOWS, platformName: WINDOWS, proxy: Proxy(), setWindowRect: true, strictFileInteractability: false, timeouts: {implicit: 0, pageLoad: 300000, script: 30000}, unhandledPromptBehavior: dismiss and notify, webauthn:extension:credBlob: true, webauthn:extension:largeBlob: true, webauthn:virtualAuthenticators: true}
Session ID: adaa2c2a7d85b8a72a09e091f2ce98d8">
      <![CDATA[org.openqa.selenium.ElementClickInterceptedException: element click intercepted: Element <a class="_21ljIi" href="/plus">...</a> is not clickable at point (223, 37). Other element would receive the click: <div class="_2hriZF _2rbIyg" tabindex="-1">...</div>
  (Session info: chrome=108.0.5359.125)
Build info: version: '3.141.59', revision: 'e82be7d358', time: '2018-11-14T08:17:03'
System info: host: 'IN-PG02NMCZ', ip: '192.168.1.5', os.name: 'Windows 10', os.arch: 'amd64', os.version: '10.0', java.version: '11.0.5'
Driver info: org.openqa.selenium.chrome.ChromeDriver
Capabilities {acceptInsecureCerts: false, browserName: chrome, browserVersion: 108.0.5359.125, chrome: {chromedriverVersion: 108.0.5359.71 (1e0e3868ee06..., userDataDir: C:\Users\ASHUTO~1\AppData\L...}, goog:chromeOptions: {debuggerAddress: localhost:61313}, javascriptEnabled: true, networkConnectionEnabled: false, pageLoadStrategy: normal, platform: WINDOWS, platformName: WINDOWS, proxy: Proxy(), setWindowRect: true, strictFileInteractability: false, timeouts: {implicit: 0, pageLoad: 300000, script: 30000}, unhandledPromptBehavior: dismiss and notify, webauthn:extension:credBlob: true, webauthn:extension:largeBlob: true, webauthn:virtualAuthenticators: true}
Session ID: adaa2c2a7d85b8a72a09e091f2ce98d8
at org.openqa.selenium.remote.http.W3CHttpResponseCodec.createException(W3CHttpResponseCodec.java:187)
at org.openqa.selenium.remote.http.W3CHttpResponseCodec.decode(W3CHttpResponseCodec.java:122)
at org.openqa.selenium.remote.http.W3CHttpResponseCodec.decode(W3CHttpResponseCodec.java:49)
at org.openqa.selenium.remote.HttpCommandExecutor.execute(HttpCommandExecutor.java:158)
at org.openqa.selenium.remote.service.DriverCommandExecutor.execute(DriverCommandExecutor.java:83)
at org.openqa.selenium.remote.RemoteWebDriver.execute(RemoteWebDriver.java:552)
at org.openqa.selenium.remote.RemoteWebElement.execute(RemoteWebElement.java:285)
at org.openqa.selenium.remote.RemoteWebElement.click(RemoteWebElement.java:84)
at org.openqa.selenium.support.pagefactory.internal.LocatingElementHandler.invoke(LocatingElementHandler.java:51)
at com.sun.proxy.$Proxy28.click(Unknown Source)
at testCases.aboutUsTest.aboutUs(aboutUsTest.java:39)
... Removed 38 stack frames]]>
    </failure>
  </testcase> <!-- aboutUs -->
  <testcase classname="testCases.addToCartTest" name="addtoCart" time="1.151">
    <failure type="org.openqa.selenium.ElementClickInterceptedException" message="element click intercepted: Element &amp;lt;img loading=&amp;quot;lazy&amp;quot; class=&amp;quot;_396cs4&amp;quot; alt=&amp;quot;Mobiles&amp;quot; src=&amp;quot;https://rukminim1.flixcart.com/flap/128/128/image/22fddf3c7da4c4f4.png?q=100&amp;quot;&amp;gt; is not clickable at point (169, 100). Other element would receive the click: &amp;lt;div class=&amp;quot;_2hriZF _2rbIyg&amp;quot; tabindex=&amp;quot;-1&amp;quot;&amp;gt;...&amp;lt;/div&amp;gt;
  (Session info: chrome=108.0.5359.125)
Build info: version: &amp;apos;3.141.59&amp;apos;, revision: &amp;apos;e82be7d358&amp;apos;, time: &amp;apos;2018-11-14T08:17:03&amp;apos;
System info: host: &amp;apos;IN-PG02NMCZ&amp;apos;, ip: &amp;apos;192.168.1.5&amp;apos;, os.name: &amp;apos;Windows 10&amp;apos;, os.arch: &amp;apos;amd64&amp;apos;, os.version: &amp;apos;10.0&amp;apos;, java.version: &amp;apos;11.0.5&amp;apos;
Driver info: org.openqa.selenium.chrome.ChromeDriver
Capabilities {acceptInsecureCerts: false, browserName: chrome, browserVersion: 108.0.5359.125, chrome: {chromedriverVersion: 108.0.5359.71 (1e0e3868ee06..., userDataDir: C:\Users\ASHUTO~1\AppData\L...}, goog:chromeOptions: {debuggerAddress: localhost:61313}, javascriptEnabled: true, networkConnectionEnabled: false, pageLoadStrategy: normal, platform: WINDOWS, platformName: WINDOWS, proxy: Proxy(), setWindowRect: true, strictFileInteractability: false, timeouts: {implicit: 0, pageLoad: 300000, script: 30000}, unhandledPromptBehavior: dismiss and notify, webauthn:extension:credBlob: true, webauthn:extension:largeBlob: true, webauthn:virtualAuthenticators: true}
Session ID: adaa2c2a7d85b8a72a09e091f2ce98d8">
      <![CDATA[org.openqa.selenium.ElementClickInterceptedException: element click intercepted: Element <img loading="lazy" class="_396cs4" alt="Mobiles" src="https://rukminim1.flixcart.com/flap/128/128/image/22fddf3c7da4c4f4.png?q=100"> is not clickable at point (169, 100). Other element would receive the click: <div class="_2hriZF _2rbIyg" tabindex="-1">...</div>
  (Session info: chrome=108.0.5359.125)
Build info: version: '3.141.59', revision: 'e82be7d358', time: '2018-11-14T08:17:03'
System info: host: 'IN-PG02NMCZ', ip: '192.168.1.5', os.name: 'Windows 10', os.arch: 'amd64', os.version: '10.0', java.version: '11.0.5'
Driver info: org.openqa.selenium.chrome.ChromeDriver
Capabilities {acceptInsecureCerts: false, browserName: chrome, browserVersion: 108.0.5359.125, chrome: {chromedriverVersion: 108.0.5359.71 (1e0e3868ee06..., userDataDir: C:\Users\ASHUTO~1\AppData\L...}, goog:chromeOptions: {debuggerAddress: localhost:61313}, javascriptEnabled: true, networkConnectionEnabled: false, pageLoadStrategy: normal, platform: WINDOWS, platformName: WINDOWS, proxy: Proxy(), setWindowRect: true, strictFileInteractability: false, timeouts: {implicit: 0, pageLoad: 300000, script: 30000}, unhandledPromptBehavior: dismiss and notify, webauthn:extension:credBlob: true, webauthn:extension:largeBlob: true, webauthn:virtualAuthenticators: true}
Session ID: adaa2c2a7d85b8a72a09e091f2ce98d8
at org.openqa.selenium.remote.http.W3CHttpResponseCodec.createException(W3CHttpResponseCodec.java:187)
at org.openqa.selenium.remote.http.W3CHttpResponseCodec.decode(W3CHttpResponseCodec.java:122)
at org.openqa.selenium.remote.http.W3CHttpResponseCodec.decode(W3CHttpResponseCodec.java:49)
at org.openqa.selenium.remote.HttpCommandExecutor.execute(HttpCommandExecutor.java:158)
at org.openqa.selenium.remote.service.DriverCommandExecutor.execute(DriverCommandExecutor.java:83)
at org.openqa.selenium.remote.RemoteWebDriver.execute(RemoteWebDriver.java:552)
at org.openqa.selenium.remote.RemoteWebElement.execute(RemoteWebElement.java:285)
at org.openqa.selenium.remote.RemoteWebElement.click(RemoteWebElement.java:84)
at org.openqa.selenium.support.pagefactory.internal.LocatingElementHandler.invoke(LocatingElementHandler.java:51)
at com.sun.proxy.$Proxy28.click(Unknown Source)
at testCases.addToCartTest.addtoCart(addToCartTest.java:38)
... Removed 38 stack frames]]>
    </failure>
  </testcase> <!-- addtoCart -->
  <testcase classname="testCases.becomeASellerTest" name="BecomaASeller" time="1.165">
    <failure type="org.openqa.selenium.ElementClickInterceptedException" message="element click intercepted: Element &amp;lt;span&amp;gt;...&amp;lt;/span&amp;gt; is not clickable at point (886, 28). Other element would receive the click: &amp;lt;div class=&amp;quot;_36HLxm col col-3-5&amp;quot;&amp;gt;...&amp;lt;/div&amp;gt;
  (Session info: chrome=108.0.5359.125)
Build info: version: &amp;apos;3.141.59&amp;apos;, revision: &amp;apos;e82be7d358&amp;apos;, time: &amp;apos;2018-11-14T08:17:03&amp;apos;
System info: host: &amp;apos;IN-PG02NMCZ&amp;apos;, ip: &amp;apos;192.168.1.5&amp;apos;, os.name: &amp;apos;Windows 10&amp;apos;, os.arch: &amp;apos;amd64&amp;apos;, os.version: &amp;apos;10.0&amp;apos;, java.version: &amp;apos;11.0.5&amp;apos;
Driver info: org.openqa.selenium.chrome.ChromeDriver
Capabilities {acceptInsecureCerts: false, browserName: chrome, browserVersion: 108.0.5359.125, chrome: {chromedriverVersion: 108.0.5359.71 (1e0e3868ee06..., userDataDir: C:\Users\ASHUTO~1\AppData\L...}, goog:chromeOptions: {debuggerAddress: localhost:61313}, javascriptEnabled: true, networkConnectionEnabled: false, pageLoadStrategy: normal, platform: WINDOWS, platformName: WINDOWS, proxy: Proxy(), setWindowRect: true, strictFileInteractability: false, timeouts: {implicit: 0, pageLoad: 300000, script: 30000}, unhandledPromptBehavior: dismiss and notify, webauthn:extension:credBlob: true, webauthn:extension:largeBlob: true, webauthn:virtualAuthenticators: true}
Session ID: adaa2c2a7d85b8a72a09e091f2ce98d8">
      <![CDATA[org.openqa.selenium.ElementClickInterceptedException: element click intercepted: Element <span>...</span> is not clickable at point (886, 28). Other element would receive the click: <div class="_36HLxm col col-3-5">...</div>
  (Session info: chrome=108.0.5359.125)
Build info: version: '3.141.59', revision: 'e82be7d358', time: '2018-11-14T08:17:03'
System info: host: 'IN-PG02NMCZ', ip: '192.168.1.5', os.name: 'Windows 10', os.arch: 'amd64', os.version: '10.0', java.version: '11.0.5'
Driver info: org.openqa.selenium.chrome.ChromeDriver
Capabilities {acceptInsecureCerts: false, browserName: chrome, browserVersion: 108.0.5359.125, chrome: {chromedriverVersion: 108.0.5359.71 (1e0e3868ee06..., userDataDir: C:\Users\ASHUTO~1\AppData\L...}, goog:chromeOptions: {debuggerAddress: localhost:61313}, javascriptEnabled: true, networkConnectionEnabled: false, pageLoadStrategy: normal, platform: WINDOWS, platformName: WINDOWS, proxy: Proxy(), setWindowRect: true, strictFileInteractability: false, timeouts: {implicit: 0, pageLoad: 300000, script: 30000}, unhandledPromptBehavior: dismiss and notify, webauthn:extension:credBlob: true, webauthn:extension:largeBlob: true, webauthn:virtualAuthenticators: true}
Session ID: adaa2c2a7d85b8a72a09e091f2ce98d8
at org.openqa.selenium.remote.http.W3CHttpResponseCodec.createException(W3CHttpResponseCodec.java:187)
at org.openqa.selenium.remote.http.W3CHttpResponseCodec.decode(W3CHttpResponseCodec.java:122)
at org.openqa.selenium.remote.http.W3CHttpResponseCodec.decode(W3CHttpResponseCodec.java:49)
at org.openqa.selenium.remote.HttpCommandExecutor.execute(HttpCommandExecutor.java:158)
at org.openqa.selenium.remote.service.DriverCommandExecutor.execute(DriverCommandExecutor.java:83)
at org.openqa.selenium.remote.RemoteWebDriver.execute(RemoteWebDriver.java:552)
at org.openqa.selenium.remote.RemoteWebElement.execute(RemoteWebElement.java:285)
at org.openqa.selenium.remote.RemoteWebElement.click(RemoteWebElement.java:84)
at org.openqa.selenium.support.pagefactory.internal.LocatingElementHandler.invoke(LocatingElementHandler.java:51)
at com.sun.proxy.$Proxy28.click(Unknown Source)
at testCases.becomeASellerTest.BecomaASeller(becomeASellerTest.java:38)
... Removed 38 stack frames]]>
    </failure>
  </testcase> <!-- BecomaASeller -->
  <testcase classname="testCases.careersTest" name="aboutUs" time="1.198">
    <failure type="org.openqa.selenium.ElementClickInterceptedException" message="element click intercepted: Element &amp;lt;a class=&amp;quot;_21ljIi&amp;quot; href=&amp;quot;/plus&amp;quot;&amp;gt;...&amp;lt;/a&amp;gt; is not clickable at point (223, 37). Other element would receive the click: &amp;lt;div class=&amp;quot;_2hriZF _2rbIyg&amp;quot; tabindex=&amp;quot;-1&amp;quot;&amp;gt;...&amp;lt;/div&amp;gt;
  (Session info: chrome=108.0.5359.125)
Build info: version: &amp;apos;3.141.59&amp;apos;, revision: &amp;apos;e82be7d358&amp;apos;, time: &amp;apos;2018-11-14T08:17:03&amp;apos;
System info: host: &amp;apos;IN-PG02NMCZ&amp;apos;, ip: &amp;apos;192.168.1.5&amp;apos;, os.name: &amp;apos;Windows 10&amp;apos;, os.arch: &amp;apos;amd64&amp;apos;, os.version: &amp;apos;10.0&amp;apos;, java.version: &amp;apos;11.0.5&amp;apos;
Driver info: org.openqa.selenium.chrome.ChromeDriver
Capabilities {acceptInsecureCerts: false, browserName: chrome, browserVersion: 108.0.5359.125, chrome: {chromedriverVersion: 108.0.5359.71 (1e0e3868ee06..., userDataDir: C:\Users\ASHUTO~1\AppData\L...}, goog:chromeOptions: {debuggerAddress: localhost:61313}, javascriptEnabled: true, networkConnectionEnabled: false, pageLoadStrategy: normal, platform: WINDOWS, platformName: WINDOWS, proxy: Proxy(), setWindowRect: true, strictFileInteractability: false, timeouts: {implicit: 0, pageLoad: 300000, script: 30000}, unhandledPromptBehavior: dismiss and notify, webauthn:extension:credBlob: true, webauthn:extension:largeBlob: true, webauthn:virtualAuthenticators: true}
Session ID: adaa2c2a7d85b8a72a09e091f2ce98d8">
      <![CDATA[org.openqa.selenium.ElementClickInterceptedException: element click intercepted: Element <a class="_21ljIi" href="/plus">...</a> is not clickable at point (223, 37). Other element would receive the click: <div class="_2hriZF _2rbIyg" tabindex="-1">...</div>
  (Session info: chrome=108.0.5359.125)
Build info: version: '3.141.59', revision: 'e82be7d358', time: '2018-11-14T08:17:03'
System info: host: 'IN-PG02NMCZ', ip: '192.168.1.5', os.name: 'Windows 10', os.arch: 'amd64', os.version: '10.0', java.version: '11.0.5'
Driver info: org.openqa.selenium.chrome.ChromeDriver
Capabilities {acceptInsecureCerts: false, browserName: chrome, browserVersion: 108.0.5359.125, chrome: {chromedriverVersion: 108.0.5359.71 (1e0e3868ee06..., userDataDir: C:\Users\ASHUTO~1\AppData\L...}, goog:chromeOptions: {debuggerAddress: localhost:61313}, javascriptEnabled: true, networkConnectionEnabled: false, pageLoadStrategy: normal, platform: WINDOWS, platformName: WINDOWS, proxy: Proxy(), setWindowRect: true, strictFileInteractability: false, timeouts: {implicit: 0, pageLoad: 300000, script: 30000}, unhandledPromptBehavior: dismiss and notify, webauthn:extension:credBlob: true, webauthn:extension:largeBlob: true, webauthn:virtualAuthenticators: true}
Session ID: adaa2c2a7d85b8a72a09e091f2ce98d8
at org.openqa.selenium.remote.http.W3CHttpResponseCodec.createException(W3CHttpResponseCodec.java:187)
at org.openqa.selenium.remote.http.W3CHttpResponseCodec.decode(W3CHttpResponseCodec.java:122)
at org.openqa.selenium.remote.http.W3CHttpResponseCodec.decode(W3CHttpResponseCodec.java:49)
at org.openqa.selenium.remote.HttpCommandExecutor.execute(HttpCommandExecutor.java:158)
at org.openqa.selenium.remote.service.DriverCommandExecutor.execute(DriverCommandExecutor.java:83)
at org.openqa.selenium.remote.RemoteWebDriver.execute(RemoteWebDriver.java:552)
at org.openqa.selenium.remote.RemoteWebElement.execute(RemoteWebElement.java:285)
at org.openqa.selenium.remote.RemoteWebElement.click(RemoteWebElement.java:84)
at org.openqa.selenium.support.pagefactory.internal.LocatingElementHandler.invoke(LocatingElementHandler.java:51)
at com.sun.proxy.$Proxy28.click(Unknown Source)
at testCases.careersTest.aboutUs(careersTest.java:38)
... Removed 38 stack frames]]>
    </failure>
  </testcase> <!-- aboutUs -->
  <testcase classname="testCases.contactUsTest" name="contactUs" time="2.074"/>
  <testcase classname="testCases.explorePlusTest" name="plusTest" time="1.67"/>
  <testcase classname="testCases.flipkartStoriesTest" name="aboutUs" time="25.16"/>
  <testcase classname="testCases.flipkartWholeSaleTest" name="flipkartWholeSale" time="5.077">
    <failure type="org.openqa.selenium.NoSuchElementException" message="no such element: Unable to locate element: {&amp;quot;method&amp;quot;:&amp;quot;xpath&amp;quot;,&amp;quot;selector&amp;quot;:&amp;quot;//button[contains(text(),&amp;apos;✕&amp;apos;)]&amp;quot;}
  (Session info: chrome=108.0.5359.125)
For documentation on this error, please visit: https://www.seleniumhq.org/exceptions/no_such_element.html
Build info: version: &amp;apos;3.141.59&amp;apos;, revision: &amp;apos;e82be7d358&amp;apos;, time: &amp;apos;2018-11-14T08:17:03&amp;apos;
System info: host: &amp;apos;IN-PG02NMCZ&amp;apos;, ip: &amp;apos;192.168.1.5&amp;apos;, os.name: &amp;apos;Windows 10&amp;apos;, os.arch: &amp;apos;amd64&amp;apos;, os.version: &amp;apos;10.0&amp;apos;, java.version: &amp;apos;11.0.5&amp;apos;
Driver info: org.openqa.selenium.chrome.ChromeDriver
Capabilities {acceptInsecureCerts: false, browserName: chrome, browserVersion: 108.0.5359.125, chrome: {chromedriverVersion: 108.0.5359.71 (1e0e3868ee06..., userDataDir: C:\Users\ASHUTO~1\AppData\L...}, goog:chromeOptions: {debuggerAddress: localhost:61313}, javascriptEnabled: true, networkConnectionEnabled: false, pageLoadStrategy: normal, platform: WINDOWS, platformName: WINDOWS, proxy: Proxy(), setWindowRect: true, strictFileInteractability: false, timeouts: {implicit: 0, pageLoad: 300000, script: 30000}, unhandledPromptBehavior: dismiss and notify, webauthn:extension:credBlob: true, webauthn:extension:largeBlob: true, webauthn:virtualAuthenticators: true}
Session ID: adaa2c2a7d85b8a72a09e091f2ce98d8
*** Element info: {Using=xpath, value=//button[contains(text(),&amp;apos;✕&amp;apos;)]}">
      <![CDATA[org.openqa.selenium.NoSuchElementException: no such element: Unable to locate element: {"method":"xpath","selector":"//button[contains(text(),'✕')]"}
  (Session info: chrome=108.0.5359.125)
For documentation on this error, please visit: https://www.seleniumhq.org/exceptions/no_such_element.html
Build info: version: '3.141.59', revision: 'e82be7d358', time: '2018-11-14T08:17:03'
System info: host: 'IN-PG02NMCZ', ip: '192.168.1.5', os.name: 'Windows 10', os.arch: 'amd64', os.version: '10.0', java.version: '11.0.5'
Driver info: org.openqa.selenium.chrome.ChromeDriver
Capabilities {acceptInsecureCerts: false, browserName: chrome, browserVersion: 108.0.5359.125, chrome: {chromedriverVersion: 108.0.5359.71 (1e0e3868ee06..., userDataDir: C:\Users\ASHUTO~1\AppData\L...}, goog:chromeOptions: {debuggerAddress: localhost:61313}, javascriptEnabled: true, networkConnectionEnabled: false, pageLoadStrategy: normal, platform: WINDOWS, platformName: WINDOWS, proxy: Proxy(), setWindowRect: true, strictFileInteractability: false, timeouts: {implicit: 0, pageLoad: 300000, script: 30000}, unhandledPromptBehavior: dismiss and notify, webauthn:extension:credBlob: true, webauthn:extension:largeBlob: true, webauthn:virtualAuthenticators: true}
Session ID: adaa2c2a7d85b8a72a09e091f2ce98d8
*** Element info: {Using=xpath, value=//button[contains(text(),'✕')]}
at org.openqa.selenium.remote.http.W3CHttpResponseCodec.createException(W3CHttpResponseCodec.java:187)
at org.openqa.selenium.remote.http.W3CHttpResponseCodec.decode(W3CHttpResponseCodec.java:122)
at org.openqa.selenium.remote.http.W3CHttpResponseCodec.decode(W3CHttpResponseCodec.java:49)
at org.openqa.selenium.remote.HttpCommandExecutor.execute(HttpCommandExecutor.java:158)
at org.openqa.selenium.remote.service.DriverCommandExecutor.execute(DriverCommandExecutor.java:83)
at org.openqa.selenium.remote.RemoteWebDriver.execute(RemoteWebDriver.java:552)
at org.openqa.selenium.remote.RemoteWebDriver.findElement(RemoteWebDriver.java:323)
at org.openqa.selenium.remote.RemoteWebDriver.findElementByXPath(RemoteWebDriver.java:428)
at org.openqa.selenium.By$ByXPath.findElement(By.java:353)
at org.openqa.selenium.remote.RemoteWebDriver.findElement(RemoteWebDriver.java:315)
at org.openqa.selenium.support.pagefactory.DefaultElementLocator.findElement(DefaultElementLocator.java:69)
at org.openqa.selenium.support.pagefactory.internal.LocatingElementHandler.invoke(LocatingElementHandler.java:38)
at com.sun.proxy.$Proxy28.click(Unknown Source)
at testCases.flipkartWholeSaleTest.flipkartWholeSale(flipkartWholeSaleTest.java:35)
... Removed 34 stack frames]]>
    </failure>
  </testcase> <!-- flipkartWholeSale -->
  <testcase classname="testCases.helpTest" name="PaymentPageTest" time="1.656"/>
  <testcase classname="testCases.loginTest" name="loginPageTest" time="0.609"/>
  <testcase classname="testCases.policyTest" name="ReturnPolicyTest" time="1.606"/>
  <testcase classname="testCases.pressTest" name="press" time="2.999"/>
  <testcase classname="testCases.searchProductTest" name="SearchProduct" time="1.523"/>
  <testcase classname="utilities.driverClass" name="@AfterTest deletion" time="0.0">
    <ignored/>
  </testcase> <!-- @AfterTest deletion -->
  <testcase classname="utilities.driverClass" name="@AfterTest deletion" time="0.0">
    <ignored/>
  </testcase> <!-- @AfterTest deletion -->
  <testcase classname="utilities.driverClass" name="@AfterTest deletion" time="0.0">
    <ignored/>
  </testcase> <!-- @AfterTest deletion -->
  <testcase classname="utilities.driverClass" name="@AfterTest deletion" time="0.0">
    <ignored/>
  </testcase> <!-- @AfterTest deletion -->
  <testcase classname="utilities.driverClass" name="@AfterTest deletion" time="0.0">
    <ignored/>
  </testcase> <!-- @AfterTest deletion -->
  <testcase classname="utilities.driverClass" name="@AfterTest deletion" time="0.0">
    <ignored/>
  </testcase> <!-- @AfterTest deletion -->
  <testcase classname="utilities.driverClass" name="@AfterTest deletion" time="0.0">
    <ignored/>
  </testcase> <!-- @AfterTest deletion -->
  <testcase classname="utilities.driverClass" name="@AfterTest deletion" time="0.0">
    <ignored/>
  </testcase> <!-- @AfterTest deletion -->
  <testcase classname="utilities.driverClass" name="@AfterTest deletion" time="0.0">
    <ignored/>
  </testcase> <!-- @AfterTest deletion -->
  <testcase classname="utilities.driverClass" name="@AfterTest deletion" time="0.0">
    <ignored/>
  </testcase> <!-- @AfterTest deletion -->
  <testcase classname="utilities.driverClass" name="@AfterTest deletion" time="0.0">
    <ignored/>
  </testcase> <!-- @AfterTest deletion -->
  <testcase classname="utilities.driverClass" name="@AfterTest deletion" time="0.0">
    <ignored/>
  </testcase> <!-- @AfterTest deletion -->
  <testcase classname="utilities.driverClass" name="@AfterSuite quitBrowser" time="0.0">
    <ignored/>
  </testcase> <!-- @AfterSuite quitBrowser -->
  <testcase classname="utilities.driverClass" name="@AfterSuite quitBrowser" time="0.0">
    <ignored/>
  </testcase> <!-- @AfterSuite quitBrowser -->
  <testcase classname="utilities.driverClass" name="@AfterSuite quitBrowser" time="0.0">
    <ignored/>
  </testcase> <!-- @AfterSuite quitBrowser -->
  <testcase classname="utilities.driverClass" name="@AfterSuite quitBrowser" time="0.0">
    <ignored/>
  </testcase> <!-- @AfterSuite quitBrowser -->
  <testcase classname="utilities.driverClass" name="@AfterSuite quitBrowser" time="0.0">
    <ignored/>
  </testcase> <!-- @AfterSuite quitBrowser -->
  <testcase classname="utilities.driverClass" name="@AfterSuite quitBrowser" time="0.0">
    <ignored/>
  </testcase> <!-- @AfterSuite quitBrowser -->
  <testcase classname="utilities.driverClass" name="@AfterSuite quitBrowser" time="0.0">
    <ignored/>
  </testcase> <!-- @AfterSuite quitBrowser -->
  <testcase classname="utilities.driverClass" name="@AfterSuite quitBrowser" time="0.0">
    <ignored/>
  </testcase> <!-- @AfterSuite quitBrowser -->
  <testcase classname="utilities.driverClass" name="@AfterSuite quitBrowser" time="0.0">
    <ignored/>
  </testcase> <!-- @AfterSuite quitBrowser -->
  <testcase classname="utilities.driverClass" name="@AfterSuite quitBrowser" time="0.0">
    <ignored/>
  </testcase> <!-- @AfterSuite quitBrowser -->
  <testcase classname="utilities.driverClass" name="@AfterSuite quitBrowser" time="0.0">
    <ignored/>
  </testcase> <!-- @AfterSuite quitBrowser -->
  <testcase classname="utilities.driverClass" name="@AfterSuite quitBrowser" time="0.0">
    <ignored/>
  </testcase> <!-- @AfterSuite quitBrowser -->
  <testcase classname="utilities.driverClass" name="@BeforeSuite initializeDriver" time="0.0">
    <ignored/>
  </testcase> <!-- @BeforeSuite initializeDriver -->
  <testcase classname="utilities.driverClass" name="@BeforeSuite initializeDriver" time="0.0">
    <ignored/>
  </testcase> <!-- @BeforeSuite initializeDriver -->
  <testcase classname="utilities.driverClass" name="@BeforeSuite initializeDriver" time="0.0">
    <ignored/>
  </testcase> <!-- @BeforeSuite initializeDriver -->
  <testcase classname="utilities.driverClass" name="@BeforeSuite initializeDriver" time="0.0">
    <ignored/>
  </testcase> <!-- @BeforeSuite initializeDriver -->
  <testcase classname="utilities.driverClass" name="@BeforeSuite initializeDriver" time="0.0">
    <ignored/>
  </testcase> <!-- @BeforeSuite initializeDriver -->
  <testcase classname="utilities.driverClass" name="@BeforeSuite initializeDriver" time="0.0">
    <ignored/>
  </testcase> <!-- @BeforeSuite initializeDriver -->
  <testcase classname="utilities.driverClass" name="@BeforeSuite initializeDriver" time="0.0">
    <ignored/>
  </testcase> <!-- @BeforeSuite initializeDriver -->
  <testcase classname="utilities.driverClass" name="@BeforeSuite initializeDriver" time="0.0">
    <ignored/>
  </testcase> <!-- @BeforeSuite initializeDriver -->
  <testcase classname="utilities.driverClass" name="@BeforeSuite initializeDriver" time="0.0">
    <ignored/>
  </testcase> <!-- @BeforeSuite initializeDriver -->
  <testcase classname="utilities.driverClass" name="@BeforeTest openUrl" time="0.0">
    <ignored/>
  </testcase> <!-- @BeforeTest openUrl -->
  <testcase classname="utilities.driverClass" name="@BeforeTest openUrl" time="0.0">
    <ignored/>
  </testcase> <!-- @BeforeTest openUrl -->
  <testcase classname="utilities.driverClass" name="@BeforeTest openUrl" time="0.0">
    <ignored/>
  </testcase> <!-- @BeforeTest openUrl -->
  <testcase classname="utilities.driverClass" name="@BeforeTest openUrl" time="0.0">
    <ignored/>
  </testcase> <!-- @BeforeTest openUrl -->
  <testcase classname="utilities.driverClass" name="@BeforeTest openUrl" time="0.0">
    <ignored/>
  </testcase> <!-- @BeforeTest openUrl -->
  <testcase classname="utilities.driverClass" name="@BeforeTest openUrl" time="0.0">
    <ignored/>
  </testcase> <!-- @BeforeTest openUrl -->
  <testcase classname="utilities.driverClass" name="@BeforeTest openUrl" time="0.0">
    <ignored/>
  </testcase> <!-- @BeforeTest openUrl -->
  <testcase classname="utilities.driverClass" name="@BeforeTest openUrl" time="0.0">
    <ignored/>
  </testcase> <!-- @BeforeTest openUrl -->
  <testcase classname="utilities.driverClass" name="@BeforeTest openUrl" time="0.0">
    <ignored/>
  </testcase> <!-- @BeforeTest openUrl -->
  <testcase classname="utilities.driverClass" name="@BeforeTest openUrl" time="0.0">
    <ignored/>
  </testcase> <!-- @BeforeTest openUrl -->
  <testcase classname="utilities.driverClass" name="@BeforeTest openUrl" time="0.0">
    <ignored/>
  </testcase> <!-- @BeforeTest openUrl -->
  <testcase classname="utilities.driverClass" name="@BeforeTest openUrl" time="0.0">
    <ignored/>
  </testcase> <!-- @BeforeTest openUrl -->
  <testcase classname="utilities.driverClass" name="@BeforeSuite initializeDriver" time="0.0">
    <ignored/>
  </testcase> <!-- @BeforeSuite initializeDriver -->
  <testcase classname="utilities.driverClass" name="@BeforeSuite initializeDriver" time="0.0">
    <ignored/>
  </testcase> <!-- @BeforeSuite initializeDriver -->
  <testcase classname="utilities.driverClass" name="@BeforeSuite initializeDriver" time="0.0">
    <ignored/>
  </testcase> <!-- @BeforeSuite initializeDriver -->
</testsuite> <!-- Surefire test -->
